<html>
<body>
<pre>
<h1>Vision Build Log</h1>
<h2>Project:</h2>
C:\Users\shibo\Desktop\光立方【动画+频谱】\光立方【动画+频谱】\test.uvproj
Project File Date:  03/23/2015

<h2>Output:</h2>
Clean started: Project: 'test'
   deleting intermediate output files for target 'Target 1'
Build target 'Target 1'
compiling test.c...
compiling char.c...
compiling FFT.c...
compiling FLASH.c...
compiling HC573.c...
compiling KEY.c...
compiling zimo.c...
linking...
*** WARNING L16: UNCALLED SEGMENT, IGNORED FOR OVERLAY PROCESS
    SEGMENT: ?PR?FLASH_DIY?CHAR
*** WARNING L15: MULTIPLE CALL TO SEGMENT
    SEGMENT: ?PR?_LAYER_CS?TEST
    CALLER1: ?PR?LED_DISPLAY?TEST
    CALLER2: ?PR?AD_CONTROL?TEST
Program Size: data=9.0 xdata=1186 code=16045
creating hex file from ".\obj\test"...
".\obj\test" - 0 Error(s), 2 Warning(s).
Clean started: Project: 'test'
   deleting intermediate output files for target 'Target 1'
Build target 'Target 1'
compiling test.c...
compiling char.c...
compiling FFT.c...
compiling FLASH.c...
compiling HC573.c...
compiling KEY.c...
compiling zimo.c...
linking...
*** WARNING L16: UNCALLED SEGMENT, IGNORED FOR OVERLAY PROCESS
    SEGMENT: ?PR?FLASH_DIY?CHAR
*** WARNING L15: MULTIPLE CALL TO SEGMENT
    SEGMENT: ?PR?_LAYER_CS?TEST
    CALLER1: ?PR?LED_DISPLAY?TEST
    CALLER2: ?PR?AD_CONTROL?TEST
Program Size: data=9.0 xdata=1186 code=16045
creating hex file from ".\obj\test"...
".\obj\test" - 0 Error(s), 2 Warning(s).
Build target 'Target 1'
compiling test.c...
TEST.C(389): error C202: 'LED': undefined identifier
compiling FFT.c...
Target not created
Build target 'Target 1'
compiling test.c...
linking...
*** WARNING L16: UNCALLED SEGMENT, IGNORED FOR OVERLAY PROCESS
    SEGMENT: ?PR?FLASH_DIY?CHAR
*** WARNING L15: MULTIPLE CALL TO SEGMENT
    SEGMENT: ?PR?_LAYER_CS?TEST
    CALLER1: ?PR?LED_DISPLAY?TEST
    CALLER2: ?PR?AD_CONTROL?TEST
Program Size: data=9.0 xdata=1186 code=16043
creating hex file from ".\obj\test"...
".\obj\test" - 0 Error(s), 2 Warning(s).
Build target 'Target 1'
compiling test.c...
compiling char.c...
linking...
*** WARNING L16: UNCALLED SEGMENT, IGNORED FOR OVERLAY PROCESS
    SEGMENT: ?PR?FLASH_DIY?CHAR
*** WARNING L15: MULTIPLE CALL TO SEGMENT
    SEGMENT: ?PR?_LAYER_CS?TEST
    CALLER1: ?PR?LED_DISPLAY?TEST
    CALLER2: ?PR?AD_CONTROL?TEST
Program Size: data=9.0 xdata=1185 code=15325
creating hex file from ".\obj\test"...
".\obj\test" - 0 Error(s), 2 Warning(s).
Build target 'Target 1'
compiling test.c...
compiling char.c...
compiling FFT.c...
compiling FLASH.c...
compiling HC573.c...
compiling KEY.c...
compiling zimo.c...
linking...
*** WARNING L16: UNCALLED SEGMENT, IGNORED FOR OVERLAY PROCESS
    SEGMENT: ?PR?FLASH_DIY?CHAR
*** WARNING L16: UNCALLED SEGMENT, IGNORED FOR OVERLAY PROCESS
    SEGMENT: ?PR?CON?CHAR
*** WARNING L15: MULTIPLE CALL TO SEGMENT
    SEGMENT: ?PR?_LAYER_CS?TEST
    CALLER1: ?PR?LED_DISPLAY?TEST
    CALLER2: ?PR?AD_CONTROL?TEST
Program Size: data=9.0 xdata=1184 code=15242
creating hex file from ".\obj\test"...
".\obj\test" - 0 Error(s), 3 Warning(s).
Build target 'Target 1'
linking...
*** WARNING L15: MULTIPLE CALL TO SEGMENT
    SEGMENT: ?PR?_LAYER_CS?TEST
    CALLER1: ?PR?LED_DISPLAY?TEST
    CALLER2: ?PR?AD_CONTROL?TEST
Program Size: data=9.0 xdata=800 code=14852
creating hex file from ".\obj\test"...
".\obj\test" - 0 Error(s), 1 Warning(s).
Build target 'Target 1'
compiling char.c...
linking...
*** WARNING L16: UNCALLED SEGMENT, IGNORED FOR OVERLAY PROCESS
    SEGMENT: ?PR?FLASH_DIY?CHAR
*** WARNING L16: UNCALLED SEGMENT, IGNORED FOR OVERLAY PROCESS
    SEGMENT: ?PR?CON?CHAR
*** WARNING L15: MULTIPLE CALL TO SEGMENT
    SEGMENT: ?PR?_LAYER_CS?TEST
    CALLER1: ?PR?LED_DISPLAY?TEST
    CALLER2: ?PR?AD_CONTROL?TEST
Program Size: data=9.0 xdata=800 code=14854
creating hex file from ".\obj\test"...
".\obj\test" - 0 Error(s), 3 Warning(s).
Build target 'Target 1'
linking...
*** WARNING L16: UNCALLED SEGMENT, IGNORED FOR OVERLAY PROCESS
    SEGMENT: ?PR?FLASH_DIY?CHAR
*** WARNING L16: UNCALLED SEGMENT, IGNORED FOR OVERLAY PROCESS
    SEGMENT: ?PR?CON?CHAR
*** WARNING L15: MULTIPLE CALL TO SEGMENT
    SEGMENT: ?PR?_LAYER_CS?TEST
    CALLER1: ?PR?LED_DISPLAY?TEST
    CALLER2: ?PR?AD_CONTROL?TEST
Program Size: data=9.0 xdata=800 code=14854
creating hex file from ".\obj\test"...
".\obj\test" - 0 Error(s), 3 Warning(s).
Build target 'Target 1'
compiling test.c...
compiling FFT.c...
compiling FLASH.c...
compiling HC573.c...
compiling KEY.c...
compiling zimo.c...
compiling char.c...
linking...
*** WARNING L16: UNCALLED SEGMENT, IGNORED FOR OVERLAY PROCESS
    SEGMENT: ?PR?FLASH_DIY?CHAR
*** WARNING L16: UNCALLED SEGMENT, IGNORED FOR OVERLAY PROCESS
    SEGMENT: ?PR?CON?CHAR
*** WARNING L15: MULTIPLE CALL TO SEGMENT
    SEGMENT: ?PR?_LAYER_CS?TEST
    CALLER1: ?PR?LED_DISPLAY?TEST
    CALLER2: ?PR?AD_CONTROL?TEST
Program Size: data=9.0 xdata=1184 code=15242
creating hex file from ".\obj\test"...
".\obj\test" - 0 Error(s), 3 Warning(s).
Build target 'Target 1'
compiling char.c...
linking...
*** WARNING L16: UNCALLED SEGMENT, IGNORED FOR OVERLAY PROCESS
    SEGMENT: ?PR?FLASH_DIY?CHAR
*** WARNING L16: UNCALLED SEGMENT, IGNORED FOR OVERLAY PROCESS
    SEGMENT: ?PR?CON?CHAR
*** WARNING L16: UNCALLED SEGMENT, IGNORED FOR OVERLAY PROCESS
    SEGMENT: ?CO?CHAR
*** WARNING L15: MULTIPLE CALL TO SEGMENT
    SEGMENT: ?PR?_LAYER_CS?TEST
    CALLER1: ?PR?LED_DISPLAY?TEST
    CALLER2: ?PR?AD_CONTROL?TEST
Program Size: data=9.0 xdata=800 code=15238
creating hex file from ".\obj\test"...
".\obj\test" - 0 Error(s), 4 Warning(s).
Build target 'Target 1'
compiling char.c...
linking...
*** WARNING L16: UNCALLED SEGMENT, IGNORED FOR OVERLAY PROCESS
    SEGMENT: ?PR?FLASH_DIY?CHAR
*** WARNING L15: MULTIPLE CALL TO SEGMENT
    SEGMENT: ?PR?_LAYER_CS?TEST
    CALLER1: ?PR?LED_DISPLAY?TEST
    CALLER2: ?PR?AD_CONTROL?TEST
Program Size: data=9.0 xdata=802 code=16040
creating hex file from ".\obj\test"...
".\obj\test" - 0 Error(s), 2 Warning(s).
Build target 'Target 1'
compiling test.c...
linking...
*** WARNING L15: MULTIPLE CALL TO SEGMENT
    SEGMENT: ?PR?_LAYER_CS?TEST
    CALLER1: ?PR?LED_DISPLAY?TEST
    CALLER2: ?PR?AD_CONTROL?TEST
Program Size: data=9.0 xdata=800 code=16043
creating hex file from ".\obj\test"...
".\obj\test" - 0 Error(s), 1 Warning(s).
Build target 'Target 1'
compiling FLASH.c...
FLASH.C(38): warning C280: 'i': unreferenced local variable
FLASH.C(38): warning C280: 'j': unreferenced local variable
FLASH.C(107): error C202: 'display': undefined identifier
FLASH.C(123): error C202: 'display': undefined identifier
FLASH.C(127): error C202: 'display': undefined identifier
FLASH.C(251): error C202: 'display': undefined identifier
FLASH.C(267): error C202: 'display': undefined identifier
FLASH.C(283): error C202: 'display': undefined identifier
FLASH.C(285): error C202: 'display': undefined identifier
FLASH.C(287): error C202: 'display': undefined identifier
FLASH.C(289): error C202: 'display': undefined identifier
FLASH.C(297): error C202: 'display': undefined identifier
FLASH.C(299): error C202: 'display': undefined identifier
FLASH.C(301): error C202: 'display': undefined identifier
FLASH.C(303): error C202: 'display': undefined identifier
FLASH.C(323): error C202: 'display': undefined identifier
FLASH.C(333): error C202: 'display': undefined identifier
FLASH.C(351): error C202: 'display': undefined identifier
FLASH.C(365): error C202: 'display': undefined identifier
FLASH.C(431): error C202: 'display': undefined identifier
FLASH.C(433): error C202: 'display': undefined identifier
compiling KEY.c...
compiling char.c...
Target not created
Build target 'Target 1'
compiling FLASH.c...
FLASH.C(38): warning C280: 'i': unreferenced local variable
FLASH.C(38): warning C280: 'j': unreferenced local variable
FLASH.C(435): warning C206: 'delay': missing function-prototype
FLASH.C(435): error C267: 'delay': requires ANSI-style prototype
FLASH.C(887): error C187: not an lvalue
FLASH.C(929): error C187: not an lvalue
FLASH.C(977): error C187: not an lvalue
FLASH.C(1017): error C187: not an lvalue
FLASH.C(1057): error C187: not an lvalue
FLASH.C(1095): error C187: not an lvalue
FLASH.C(1129): error C187: not an lvalue
FLASH.C(1169): error C187: not an lvalue
FLASH.C(1211): error C187: not an lvalue
FLASH.C(1251): error C187: not an lvalue
FLASH.C(1519): error C187: not an lvalue
FLASH.C(1559): error C187: not an lvalue
FLASH.C(1591): error C187: not an lvalue
FLASH.C(1619): error C187: not an lvalue
FLASH.C(1783): error C187: not an lvalue
FLASH.C(1813): error C187: not an lvalue
FLASH.C(1843): error C187: not an lvalue
FLASH.C(1873): error C187: not an lvalue
Target not created
Build target 'Target 1'
compiling FLASH.c...
FLASH.C(419): warning C206: 'delay': missing function-prototype
FLASH.C(419): error C267: 'delay': requires ANSI-style prototype
FLASH.C(871): error C187: not an lvalue
FLASH.C(913): error C187: not an lvalue
FLASH.C(961): error C187: not an lvalue
FLASH.C(1001): error C187: not an lvalue
FLASH.C(1041): error C187: not an lvalue
FLASH.C(1079): error C187: not an lvalue
FLASH.C(1113): error C187: not an lvalue
FLASH.C(1153): error C187: not an lvalue
FLASH.C(1195): error C187: not an lvalue
FLASH.C(1235): error C187: not an lvalue
FLASH.C(1503): error C187: not an lvalue
FLASH.C(1543): error C187: not an lvalue
FLASH.C(1575): error C187: not an lvalue
FLASH.C(1603): error C187: not an lvalue
FLASH.C(1767): error C187: not an lvalue
FLASH.C(1797): error C187: not an lvalue
FLASH.C(1827): error C187: not an lvalue
FLASH.C(1857): error C187: not an lvalue
Target not created
Build target 'Target 1'
compiling FLASH.c...
FLASH.C(1987): warning C206: '_nop_': missing function-prototype
FLASH.C(1987): error C264: intrinsic '_nop_': declaration/activation error
Target not created
Build target 'Target 1'
compiling FLASH.c...
linking...
*** ERROR L104: MULTIPLE PUBLIC DEFINITIONS
    SYMBOL:  DISPLAY
    MODULE:  .\obj\FLASH.obj (FLASH)
*** WARNING L15: MULTIPLE CALL TO SEGMENT
    SEGMENT: ?PR?_LAYER_CS?TEST
    CALLER1: ?PR?LED_DISPLAY?TEST
    CALLER2: ?PR?AD_CONTROL?TEST
*** WARNING L1: UNRESOLVED EXTERNAL SYMBOL
    SYMBOL:  FLASH_1
    MODULE:  .\obj\test.obj (TEST)
*** WARNING L2: REFERENCE MADE TO UNRESOLVED EXTERNAL
    SYMBOL:  FLASH_1
    MODULE:  .\obj\test.obj (TEST)
    ADDRESS: 0BD8H
*** ERROR L118: REFERENCE MADE TO ERRONEOUS EXTERNAL
    SYMBOL:  DISPLAY
    MODULE:  .\obj\char.obj (CHAR)
    ADDRESS: 26A5H
*** ERROR L118: REFERENCE MADE TO ERRONEOUS EXTERNAL
    SYMBOL:  DISPLAY
    MODULE:  .\obj\char.obj (CHAR)
    ADDRESS: 26AAH
Program Size: data=9.0 xdata=864 code=17007
Target not created
Build target 'Target 1'
compiling test.c...
linking...
*** ERROR L104: MULTIPLE PUBLIC DEFINITIONS
    SYMBOL:  DISPLAY
    MODULE:  .\obj\FLASH.obj (FLASH)
*** WARNING L15: MULTIPLE CALL TO SEGMENT
    SEGMENT: ?PR?_LAYER_CS?TEST
    CALLER1: ?PR?LED_DISPLAY?TEST
    CALLER2: ?PR?AD_CONTROL?TEST
*** ERROR L118: REFERENCE MADE TO ERRONEOUS EXTERNAL
    SYMBOL:  DISPLAY
    MODULE:  .\obj\char.obj (CHAR)
    ADDRESS: 255FH
*** ERROR L118: REFERENCE MADE TO ERRONEOUS EXTERNAL
    SYMBOL:  DISPLAY
    MODULE:  .\obj\char.obj (CHAR)
    ADDRESS: 2564H
Program Size: data=9.0 xdata=864 code=16681
Target not created
Build target 'Target 1'
compiling FLASH.c...
linking...
*** WARNING L15: MULTIPLE CALL TO SEGMENT
    SEGMENT: ?PR?_LAYER_CS?TEST
    CALLER1: ?PR?LED_DISPLAY?TEST
    CALLER2: ?PR?AD_CONTROL?TEST
Program Size: data=9.0 xdata=800 code=16681
creating hex file from ".\obj\test"...
".\obj\test" - 0 Error(s), 1 Warning(s).
Build target 'Target 1'
compiling test.c...
compiling FLASH.c...
linking...
*** WARNING L15: MULTIPLE CALL TO SEGMENT
    SEGMENT: ?PR?_LAYER_CS?TEST
    CALLER1: ?PR?LED_DISPLAY?TEST
    CALLER2: ?PR?AD_CONTROL?TEST
Program Size: data=9.0 xdata=800 code=16670
creating hex file from ".\obj\test"...
".\obj\test" - 0 Error(s), 1 Warning(s).
